
> @spa-hackathon/frontend@0.1.0 typecheck
> tsc --noEmit

src/admin/components/AIAssistant.tsx(1,8): error TS6133: 'React' is declared but its value is never read.
src/admin/components/dashboard/AIInsightsPanel.tsx(1,1): error TS6133: 'React' is declared but its value is never read.
src/admin/components/dashboard/MetricCard.tsx(1,1): error TS6133: 'React' is declared but its value is never read.
src/admin/components/dashboard/MetricCard.tsx(2,1): error TS6133: 'BoxIcon' is declared but its value is never read.
src/admin/components/dashboard/MetricCard.tsx(7,9): error TS2749: 'BoxIcon' refers to a value, but is being used as a type here. Did you mean 'typeof BoxIcon'?
src/admin/components/layout/Header.tsx(1,1): error TS6133: 'React' is declared but its value is never read.
src/admin/components/layout/Sidebar.tsx(90,43): error TS7031: Binding element 'isActive' implicitly has an 'any' type.
src/admin/components/layout/Sidebar.tsx(98,33): error TS7031: Binding element 'isActive' implicitly has an 'any' type.
src/admin/components/modals/CustomerModal.tsx(45,13): error TS2353: Object literal may only specify known properties, and 'membershipTier' does not exist in type 'Omit<Customer, "id">'.
src/admin/components/modals/NewBookingModal.tsx(2,31): error TS6133: 'CalendarIcon' is declared but its value is never read.
src/admin/components/modals/NewBookingModal.tsx(2,45): error TS6133: 'ClockIcon' is declared but its value is never read.
src/admin/components/modals/NewBookingModal.tsx(2,56): error TS6133: 'UserIcon' is declared but its value is never read.
src/admin/components/modals/NewBookingModal.tsx(5,21): error TS6133: 'Input' is declared but its value is never read.
src/admin/components/modals/PaymentDetailsModal.tsx(1,1): error TS6133: 'React' is declared but its value is never read.
src/admin/components/modals/ReviewReplyModal.tsx(1,8): error TS6133: 'React' is declared but its value is never read.
src/admin/components/modals/ReviewReplyModal.tsx(4,20): error TS6133: 'FormField' is declared but its value is never read.
src/admin/components/modals/ReviewReplyModal.tsx(25,18): error TS2345: Argument of type 'string | undefined' is not assignable to parameter of type 'SetStateAction<string>'.
  Type 'undefined' is not assignable to type 'SetStateAction<string>'.
src/admin/components/modals/StaffModal.tsx(42,21): error TS2345: Argument of type '(prev: { name: string; specialization: string; branch: string; startTime: string; endTime: string; bio: string; }) => { bio: string | undefined; name: string; specialization: string; branch: string; startTime: string; endTime: string; }' is not assignable to parameter of type 'SetStateAction<{ name: string; specialization: string; branch: string; startTime: string; endTime: string; bio: string; }>'.
  Type '(prev: { name: string; specialization: string; branch: string; startTime: string; endTime: string; bio: string; }) => { bio: string | undefined; name: string; specialization: string; branch: string; startTime: string; endTime: string; }' is not assignable to type '(prevState: { name: string; specialization: string; branch: string; startTime: string; endTime: string; bio: string; }) => { name: string; specialization: string; branch: string; startTime: string; endTime: string; bio: string; }'.
    Call signature return types '{ bio: string | undefined; name: string; specialization: string; branch: string; startTime: string; endTime: string; }' and '{ name: string; specialization: string; branch: string; startTime: string; endTime: string; bio: string; }' are incompatible.
      The types of 'bio' are incompatible between these types.
        Type 'string | undefined' is not assignable to type 'string'.
          Type 'undefined' is not assignable to type 'string'.
src/admin/components/Toast.tsx(1,8): error TS6133: 'React' is declared but its value is never read.
src/admin/pages/Appointments.tsx(1,8): error TS6133: 'React' is declared but its value is never read.
src/admin/pages/Blog.tsx(1,8): error TS6133: 'React' is declared but its value is never read.
src/admin/pages/Branches.tsx(1,1): error TS6133: 'React' is declared but its value is never read.
src/admin/pages/Customers.tsx(1,8): error TS6133: 'React' is declared but its value is never read.
src/admin/pages/Customers.tsx(3,5): error TS6133: 'UsersIcon' is declared but its value is never read.
src/admin/pages/Customers.tsx(265,87): error TS2322: Type '{ isOpen: boolean; onClose: () => void; onSuccess: () => void; }' is not assignable to type 'IntrinsicAttributes & CustomerModalProps'.
  Property 'onSuccess' does not exist on type 'IntrinsicAttributes & CustomerModalProps'.
src/admin/pages/Dashboard.tsx(1,1): error TS6133: 'React' is declared but its value is never read.
src/admin/pages/Dashboard.tsx(103,13): error TS7031: Binding element 'name' implicitly has an 'any' type.
src/admin/pages/Dashboard.tsx(104,13): error TS7031: Binding element 'percent' implicitly has an 'any' type.
src/admin/pages/Dashboard.tsx(106,33): error TS6133: 'entry' is declared but its value is never read.
src/admin/pages/Payments.tsx(1,8): error TS6133: 'React' is declared but its value is never read.
src/admin/pages/Payments.tsx(222,43): error TS7031: Binding element 'name' implicitly has an 'any' type.
src/admin/pages/Payments.tsx(222,49): error TS7031: Binding element 'percent' implicitly has an 'any' type.
src/admin/pages/Payments.tsx(227,57): error TS6133: 'entry' is declared but its value is never read.
src/admin/pages/Reviews.tsx(1,8): error TS6133: 'React' is declared but its value is never read.
src/admin/pages/Services.tsx(1,1): error TS6133: 'React' is declared but its value is never read.
src/admin/pages/Settings.tsx(1,8): error TS6133: 'React' is declared but its value is never read.
src/admin/pages/Staff.tsx(1,8): error TS6133: 'React' is declared but its value is never read.
src/admin/pages/Staff.tsx(2,10): error TS6133: 'UserIcon' is declared but its value is never read.
src/client/components/blog/Blog.tsx(1,1): error TS6133: 'React' is declared but its value is never read.
src/client/components/blog/BlogGrid.tsx(1,1): error TS6133: 'React' is declared but its value is never read.
src/client/components/blog/BlogHero.tsx(1,1): error TS6133: 'React' is declared but its value is never read.
src/client/components/booking/AvailabilityIndicator.tsx(1,1): error TS6133: 'React' is declared but its value is never read.
src/client/components/booking/BookingBranchSelect.tsx(1,1): error TS6133: 'React' is declared but its value is never read.
src/client/components/booking/BookingBranchSelect.tsx(27,3): error TS7031: Binding element 'bookingData' implicitly has an 'any' type.
src/client/components/booking/BookingBranchSelect.tsx(28,3): error TS7031: Binding element 'updateBookingData' implicitly has an 'any' type.
src/client/components/booking/BookingBranchSelect.tsx(29,3): error TS7031: Binding element 'onNext' implicitly has an 'any' type.
src/client/components/booking/BookingBranchSelect.tsx(30,3): error TS7031: Binding element 'onPrev' implicitly has an 'any' type.
src/client/components/booking/BookingBranchSelect.tsx(32,30): error TS7006: Parameter 'branch' implicitly has an 'any' type.
src/client/components/booking/BookingConfirmation.tsx(1,1): error TS6133: 'React' is declared but its value is never read.
src/client/components/booking/BookingConfirmation.tsx(6,3): error TS7031: Binding element 'bookingData' implicitly has an 'any' type.
src/client/components/booking/BookingConfirmation.tsx(7,3): error TS7031: Binding element 'onPrev' implicitly has an 'any' type.
src/client/components/booking/BookingDateTimeSelect.tsx(1,8): error TS6133: 'React' is declared but its value is never read.
src/client/components/booking/BookingDateTimeSelect.tsx(10,3): error TS7031: Binding element 'bookingData' implicitly has an 'any' type.
src/client/components/booking/BookingDateTimeSelect.tsx(11,3): error TS7031: Binding element 'updateBookingData' implicitly has an 'any' type.
src/client/components/booking/BookingDateTimeSelect.tsx(12,3): error TS7031: Binding element 'onNext' implicitly has an 'any' type.
src/client/components/booking/BookingDateTimeSelect.tsx(13,3): error TS7031: Binding element 'onPrev' implicitly has an 'any' type.
src/client/components/booking/BookingDateTimeSelect.tsx(18,28): error TS7006: Parameter 'day' implicitly has an 'any' type.
src/client/components/booking/BookingDateTimeSelect.tsx(25,28): error TS7006: Parameter 'time' implicitly has an 'any' type.
src/client/components/booking/BookingDateTimeSelect.tsx(31,23): error TS7006: Parameter 'value' implicitly has an 'any' type.
src/client/components/booking/BookingPayment.tsx(1,8): error TS6133: 'React' is declared but its value is never read.
src/client/components/booking/BookingPayment.tsx(8,3): error TS7031: Binding element 'bookingData' implicitly has an 'any' type.
src/client/components/booking/BookingPayment.tsx(9,3): error TS7031: Binding element 'updateBookingData' implicitly has an 'any' type.
src/client/components/booking/BookingPayment.tsx(10,3): error TS7031: Binding element 'onNext' implicitly has an 'any' type.
src/client/components/booking/BookingPayment.tsx(11,3): error TS7031: Binding element 'onPrev' implicitly has an 'any' type.
src/client/components/booking/BookingProgress.tsx(1,1): error TS6133: 'React' is declared but its value is never read.
src/client/components/booking/BookingServiceSelect.tsx(1,1): error TS6133: 'React' is declared but its value is never read.
src/client/components/booking/BookingServiceSelect.tsx(54,3): error TS7031: Binding element 'bookingData' implicitly has an 'any' type.
src/client/components/booking/BookingServiceSelect.tsx(55,3): error TS7031: Binding element 'updateBookingData' implicitly has an 'any' type.
src/client/components/booking/BookingServiceSelect.tsx(56,3): error TS7031: Binding element 'onNext' implicitly has an 'any' type.
src/client/components/booking/BookingServiceSelect.tsx(58,31): error TS7006: Parameter 'service' implicitly has an 'any' type.
src/client/components/booking/BookingUserInfo.tsx(57,22): error TS2375: Type '{ children: Element; label: string; name: string; error: string | undefined; required: true; }' is not assignable to type 'FormFieldProps' with 'exactOptionalPropertyTypes: true'. Consider adding 'undefined' to the types of the target's properties.
  Types of property 'error' are incompatible.
    Type 'string | undefined' is not assignable to type 'string'.
      Type 'undefined' is not assignable to type 'string'.
src/client/components/booking/BookingUserInfo.tsx(67,22): error TS2375: Type '{ children: Element; label: string; name: string; error: string | undefined; required: true; }' is not assignable to type 'FormFieldProps' with 'exactOptionalPropertyTypes: true'. Consider adding 'undefined' to the types of the target's properties.
  Types of property 'error' are incompatible.
    Type 'string | undefined' is not assignable to type 'string'.
      Type 'undefined' is not assignable to type 'string'.
src/client/components/booking/BookingUserInfo.tsx(79,26): error TS2375: Type '{ children: Element; label: string; name: string; error: string | undefined; required: true; }' is not assignable to type 'FormFieldProps' with 'exactOptionalPropertyTypes: true'. Consider adding 'undefined' to the types of the target's properties.
  Types of property 'error' are incompatible.
    Type 'string | undefined' is not assignable to type 'string'.
      Type 'undefined' is not assignable to type 'string'.
src/client/components/booking/InlinePaymentMethod.tsx(1,8): error TS6133: 'React' is declared but its value is never read.
src/client/components/booking/InlinePaymentMethod.tsx(3,66): error TS6133: 'TagIcon' is declared but its value is never read.
src/client/components/booking/InlinePaymentMethod.tsx(26,3): error TS7031: Binding element 'selectedMethod' implicitly has an 'any' type.
src/client/components/booking/InlinePaymentMethod.tsx(27,3): error TS7031: Binding element 'onSelect' implicitly has an 'any' type.
src/client/components/booking/InlinePaymentMethod.tsx(28,3): error TS7031: Binding element 'promoCode' implicitly has an 'any' type.
src/client/components/booking/InlinePaymentMethod.tsx(29,3): error TS7031: Binding element 'onPromoChange' implicitly has an 'any' type.
src/client/components/booking/QuickBooking.tsx(1,8): error TS6133: 'React' is declared but its value is never read.
src/client/components/booking/QuickBooking.tsx(49,3): error TS7031: Binding element 'bookingData' implicitly has an 'any' type.
src/client/components/booking/QuickBooking.tsx(50,3): error TS7031: Binding element 'updateBookingData' implicitly has an 'any' type.
src/client/components/booking/QuickBooking.tsx(51,3): error TS7031: Binding element 'onSwitchToFull' implicitly has an 'any' type.
src/client/components/booking/QuickBooking.tsx(68,25): error TS7006: Parameter 'field' implicitly has an 'any' type.
src/client/components/booking/QuickBooking.tsx(68,32): error TS7006: Parameter 'value' implicitly has an 'any' type.
src/client/components/booking/QuickBooking.tsx(197,104): error TS7006: Parameter 'therapist' implicitly has an 'any' type.
src/client/components/booking/QuickBooking.tsx(232,88): error TS7006: Parameter 'method' implicitly has an 'any' type.
src/client/components/booking/QuickBooking.tsx(232,183): error TS7006: Parameter 'code' implicitly has an 'any' type.
src/client/components/booking/QuickBookingConfirmationModal.tsx(1,1): error TS6133: 'React' is declared but its value is never read.
src/client/components/booking/QuickBookingConfirmationModal.tsx(6,3): error TS7031: Binding element 'bookingData' implicitly has an 'any' type.
src/client/components/booking/QuickBookingConfirmationModal.tsx(7,3): error TS7031: Binding element 'onClose' implicitly has an 'any' type.
src/client/components/booking/QuickBookingConfirmationModal.tsx(25,17): error TS7006: Parameter 'e' implicitly has an 'any' type.
src/client/components/booking/TherapistSelector.tsx(1,1): error TS6192: All imports in import declaration are unused.
src/client/components/booking/TherapistSelector.tsx(30,3): error TS7031: Binding element 'selectedTherapist' implicitly has an 'any' type.
src/client/components/booking/TherapistSelector.tsx(31,3): error TS7031: Binding element 'onSelect' implicitly has an 'any' type.
src/client/components/branches/BranchMap.tsx(1,8): error TS6133: 'React' is declared but its value is never read.
src/client/components/branches/BranchMap.tsx(1,36): error TS6133: 'createElement' is declared but its value is never read.
src/client/components/branches/BranchMap.tsx(2,29): error TS7031: Binding element 'branches' implicitly has an 'any' type.
src/client/components/branches/BranchMap.tsx(2,39): error TS7031: Binding element 'selectedBranch' implicitly has an 'any' type.
src/client/components/branches/BranchMap.tsx(2,55): error TS7031: Binding element 'setSelectedBranch' implicitly has an 'any' type.
src/client/components/branches/BranchMap.tsx(4,11): error TS6133: 'mapInstanceRef' is declared but its value is never read.
src/client/components/branches/BranchMap.tsx(13,28): error TS2339: Property 'innerHTML' does not exist on type 'never'.
src/client/components/branches/BranchMap.tsx(14,28): error TS2339: Property 'style' does not exist on type 'never'.
src/client/components/branches/BranchMap.tsx(15,28): error TS2339: Property 'style' does not exist on type 'never'.
src/client/components/branches/BranchMap.tsx(23,28): error TS2339: Property 'appendChild' does not exist on type 'never'.
src/client/components/branches/BranchMap.tsx(31,28): error TS2339: Property 'appendChild' does not exist on type 'never'.
src/client/components/branches/BranchMap.tsx(33,35): error TS7006: Parameter 'branch' implicitly has an 'any' type.
src/client/components/branches/BranchMap.tsx(33,43): error TS7006: Parameter 'index' implicitly has an 'any' type.
src/client/components/branches/BranchMap.tsx(64,32): error TS2339: Property 'appendChild' does not exist on type 'never'.
src/client/components/branches/BranchMap.tsx(65,45): error TS2345: Argument of type 'HTMLDivElement' is not assignable to parameter of type 'never'.
src/client/components/branches/BranchMap.tsx(95,28): error TS2339: Property 'appendChild' does not exist on type 'never'.
src/client/components/branches/BranchMap.tsx(104,24): error TS2339: Property 'style' does not exist on type 'never'.
src/client/components/branches/BranchMap.tsx(105,24): error TS2339: Property 'style' does not exist on type 'never'.
src/client/components/branches/BranchMap.tsx(107,24): error TS2339: Property 'style' does not exist on type 'never'.
src/client/components/branches/BranchMap.tsx(108,24): error TS2339: Property 'style' does not exist on type 'never'.
src/client/components/contact/AIChatWidget.tsx(1,8): error TS6133: 'React' is declared but its value is never read.
src/client/components/contact/AIChatWidget.tsx(21,19): error TS6133: 'prev' is declared but its value is never read.
src/client/components/contact/AIChatWidget.tsx(27,26): error TS7006: Parameter 'userInput' implicitly has an 'any' type.
src/client/components/contact/ContactForm.tsx(128,26): error TS2375: Type '{ children: Element; label: string; name: string; error: string | undefined; required: true; }' is not assignable to type 'FormFieldProps' with 'exactOptionalPropertyTypes: true'. Consider adding 'undefined' to the types of the target's properties.
  Types of property 'error' are incompatible.
    Type 'string | undefined' is not assignable to type 'string'.
      Type 'undefined' is not assignable to type 'string'.
src/client/components/contact/ContactForm.tsx(138,26): error TS2375: Type '{ children: Element; label: string; name: string; error: string | undefined; required: true; }' is not assignable to type 'FormFieldProps' with 'exactOptionalPropertyTypes: true'. Consider adding 'undefined' to the types of the target's properties.
  Types of property 'error' are incompatible.
    Type 'string | undefined' is not assignable to type 'string'.
      Type 'undefined' is not assignable to type 'string'.
src/client/components/contact/ContactForm.tsx(171,30): error TS2375: Type '{ children: Element; label: string; name: string; error: string | undefined; required: true; }' is not assignable to type 'FormFieldProps' with 'exactOptionalPropertyTypes: true'. Consider adding 'undefined' to the types of the target's properties.
  Types of property 'error' are incompatible.
    Type 'string | undefined' is not assignable to type 'string'.
      Type 'undefined' is not assignable to type 'string'.
src/client/components/contact/ContactInfo.tsx(1,1): error TS6133: 'React' is declared but its value is never read.
src/client/components/GlobalChatWidget.tsx(6,1): error TS6133: 'toast' is declared but its value is never read.
src/client/components/Home/AIBanner.tsx(1,1): error TS6133: 'React' is declared but its value is never read.
src/client/components/Home/BookingWidget.tsx(1,8): error TS6133: 'React' is declared but its value is never read.
src/client/components/Home/Branches.tsx(1,1): error TS6133: 'React' is declared but its value is never read.
src/client/components/Home/Hero.tsx(1,1): error TS6133: 'React' is declared but its value is never read.
src/client/components/Home/Testimonials.tsx(1,1): error TS6133: 'React' is declared but its value is never read.
src/client/components/layouts/Footer.tsx(1,1): error TS6133: 'React' is declared but its value is never read.
src/client/components/layouts/Navbar.tsx(1,8): error TS6133: 'React' is declared but its value is never read.
src/client/components/payment/BankTransferPayment.tsx(1,8): error TS6133: 'React' is declared but its value is never read.
src/client/components/payment/BankTransferPayment.tsx(7,28): error TS7006: Parameter 'e' implicitly has an 'any' type.
src/client/components/payment/BankTransferPayment.tsx(67,66): error TS2339: Property 'name' does not exist on type 'never'.
src/client/components/payment/BankTransferPayment.tsx(102,21): error TS7006: Parameter 'e' implicitly has an 'any' type.
src/client/components/payment/CardPayment.tsx(1,8): error TS6133: 'React' is declared but its value is never read.
src/client/components/payment/CardPayment.tsx(12,10): error TS6133: 'errors' is declared but its value is never read.
src/client/components/payment/CardPayment.tsx(12,18): error TS6133: 'setErrors' is declared but its value is never read.
src/client/components/payment/CardPayment.tsx(13,24): error TS7006: Parameter 'e' implicitly has an 'any' type.
src/client/components/payment/CardPayment.tsx(25,28): error TS7006: Parameter 'value' implicitly has an 'any' type.
src/client/components/payment/CardPayment.tsx(28,24): error TS7006: Parameter 'value' implicitly has an 'any' type.
src/client/components/payment/EWalletPayment.tsx(1,8): error TS6133: 'React' is declared but its value is never read.
src/client/components/payment/OrderSummary.tsx(1,1): error TS6133: 'React' is declared but its value is never read.
src/client/components/payment/OrderSummary.tsx(5,3): error TS7031: Binding element 'bookingData' implicitly has an 'any' type.
src/client/components/payment/OrderSummary.tsx(6,3): error TS7031: Binding element 'subtotal' implicitly has an 'any' type.
src/client/components/payment/OrderSummary.tsx(7,3): error TS7031: Binding element 'discount' implicitly has an 'any' type.
src/client/components/payment/OrderSummary.tsx(8,3): error TS7031: Binding element 'tax' implicitly has an 'any' type.
src/client/components/payment/OrderSummary.tsx(9,3): error TS7031: Binding element 'total' implicitly has an 'any' type.
src/client/components/payment/OrderSummary.tsx(10,3): error TS7031: Binding element 'appliedPromo' implicitly has an 'any' type.
src/client/components/payment/PayAtClinicPayment.tsx(1,1): error TS6133: 'React' is declared but its value is never read.
src/client/components/payment/PaymentMethodSelector.tsx(1,1): error TS6192: All imports in import declaration are unused.
src/client/components/payment/PaymentMethodSelector.tsx(27,3): error TS7031: Binding element 'selectedMethod' implicitly has an 'any' type.
src/client/components/payment/PaymentMethodSelector.tsx(28,3): error TS7031: Binding element 'setSelectedMethod' implicitly has an 'any' type.
src/client/components/payment/PaymentMethodSelector.tsx(29,3): error TS7031: Binding element 'promoCode' implicitly has an 'any' type.
src/client/components/payment/PaymentMethodSelector.tsx(30,3): error TS7031: Binding element 'setPromoCode' implicitly has an 'any' type.
src/client/components/payment/PaymentMethodSelector.tsx(31,3): error TS7031: Binding element 'appliedPromo' implicitly has an 'any' type.
src/client/components/payment/PaymentMethodSelector.tsx(32,3): error TS7031: Binding element 'setAppliedPromo' implicitly has an 'any' type.
src/client/components/payment/PaymentSuccess.tsx(1,1): error TS6133: 'React' is declared but its value is never read.
src/client/components/payment/PaymentSuccess.tsx(5,3): error TS7031: Binding element 'bookingData' implicitly has an 'any' type.
src/client/components/payment/PaymentSuccess.tsx(6,3): error TS7031: Binding element 'total' implicitly has an 'any' type.
src/client/components/payment/PromoCodeInput.tsx(1,8): error TS6133: 'React' is declared but its value is never read.
src/client/components/payment/PromoCodeInput.tsx(5,3): error TS7031: Binding element 'promoCode' implicitly has an 'any' type.
src/client/components/payment/PromoCodeInput.tsx(6,3): error TS7031: Binding element 'setPromoCode' implicitly has an 'any' type.
src/client/components/payment/PromoCodeInput.tsx(7,3): error TS7031: Binding element 'appliedPromo' implicitly has an 'any' type.
src/client/components/payment/PromoCodeInput.tsx(8,3): error TS7031: Binding element 'setAppliedPromo' implicitly has an 'any' type.
src/client/components/services/CategoryFilter.tsx(1,1): error TS6133: 'React' is declared but its value is never read.
src/client/components/services/ServiceCard.tsx(1,1): error TS6133: 'React' is declared but its value is never read.
src/client/components/services/Services.tsx(1,1): error TS6133: 'React' is declared but its value is never read.
src/client/components/services/ServicesBanner.tsx(1,1): error TS6133: 'React' is declared but its value is never read.
src/client/components/services/ServicesCTA.tsx(1,1): error TS6133: 'React' is declared but its value is never read.
src/client/pages/BlogDetailPage.tsx(1,1): error TS6133: 'React' is declared but its value is never read.
src/client/pages/BlogPage.tsx(1,8): error TS6133: 'React' is declared but its value is never read.
src/client/pages/BookingPage.tsx(1,8): error TS6133: 'React' is declared but its value is never read.
src/client/pages/BookingPage.tsx(42,32): error TS7006: Parameter 'data' implicitly has an 'any' type.
src/client/pages/BranchesPage.tsx(1,8): error TS6133: 'React' is declared but its value is never read.
src/client/pages/BranchesPage.tsx(102,34): error TS18048: 'selectedBranch' is possibly 'undefined'.
src/client/pages/BranchesPage.tsx(118,42): error TS18048: 'selectedBranch' is possibly 'undefined'.
src/client/pages/BranchesPage.tsx(119,42): error TS18048: 'selectedBranch' is possibly 'undefined'.
src/client/pages/BranchesPage.tsx(124,84): error TS18048: 'selectedBranch' is possibly 'undefined'.
src/client/pages/BranchesPage.tsx(130,67): error TS18048: 'selectedBranch' is possibly 'undefined'.
src/client/pages/BranchesPage.tsx(134,67): error TS18048: 'selectedBranch' is possibly 'undefined'.
src/client/pages/BranchesPage.tsx(138,89): error TS18048: 'selectedBranch' is possibly 'undefined'.
src/client/pages/BranchesPage.tsx(143,42): error TS18048: 'selectedBranch' is possibly 'undefined'.
src/client/pages/BranchesPage.tsx(155,77): error TS18048: 'selectedBranch' is possibly 'undefined'.
src/client/pages/BranchesPage.tsx(155,108): error TS18048: 'selectedBranch' is possibly 'undefined'.
src/client/pages/BranchesPage.tsx(177,33): error TS18048: 'selectedBranch' is possibly 'undefined'.
src/client/pages/ContactPage.tsx(1,1): error TS6133: 'React' is declared but its value is never read.
src/client/pages/FormShowcasePage.tsx(57,11): error TS6133: 'serviceOptions' is declared but its value is never read.
src/client/pages/FormShowcasePage.tsx(171,30): error TS2375: Type '{ children: Element; label: string; name: string; error: string | undefined; helpText: string; required: true; }' is not assignable to type 'FormFieldProps' with 'exactOptionalPropertyTypes: true'. Consider adding 'undefined' to the types of the target's properties.
  Types of property 'error' are incompatible.
    Type 'string | undefined' is not assignable to type 'string'.
      Type 'undefined' is not assignable to type 'string'.
src/client/pages/FormShowcasePage.tsx(178,34): error TS2375: Type '{ name: string; type: "text"; placeholder: string; value: string; onChange: (e: ChangeEvent<HTMLInputElement>) => void; error: string | undefined; leftIcon: react.ForwardRefExoticComponent<...>; }' is not assignable to type 'InputProps' with 'exactOptionalPropertyTypes: true'. Consider adding 'undefined' to the types of the target's properties.
  Types of property 'error' are incompatible.
    Type 'string | undefined' is not assignable to type 'string'.
      Type 'undefined' is not assignable to type 'string'.
src/client/pages/FormShowcasePage.tsx(189,30): error TS2375: Type '{ children: Element; label: string; name: string; error: string | undefined; helpText: string; required: true; }' is not assignable to type 'FormFieldProps' with 'exactOptionalPropertyTypes: true'. Consider adding 'undefined' to the types of the target's properties.
  Types of property 'error' are incompatible.
    Type 'string | undefined' is not assignable to type 'string'.
      Type 'undefined' is not assignable to type 'string'.
src/client/pages/FormShowcasePage.tsx(196,34): error TS2375: Type '{ name: string; type: "email"; placeholder: string; value: string; onChange: (e: ChangeEvent<HTMLInputElement>) => void; error: string | undefined; leftIcon: react.ForwardRefExoticComponent<...>; }' is not assignable to type 'InputProps' with 'exactOptionalPropertyTypes: true'. Consider adding 'undefined' to the types of the target's properties.
  Types of property 'error' are incompatible.
    Type 'string | undefined' is not assignable to type 'string'.
      Type 'undefined' is not assignable to type 'string'.
src/client/pages/FormShowcasePage.tsx(209,30): error TS2375: Type '{ children: Element; label: string; name: string; error: string | undefined; helpText: string; required: true; }' is not assignable to type 'FormFieldProps' with 'exactOptionalPropertyTypes: true'. Consider adding 'undefined' to the types of the target's properties.
  Types of property 'error' are incompatible.
    Type 'string | undefined' is not assignable to type 'string'.
      Type 'undefined' is not assignable to type 'string'.
src/client/pages/FormShowcasePage.tsx(216,34): error TS2375: Type '{ name: string; type: "tel"; placeholder: string; value: string; onChange: (e: ChangeEvent<HTMLInputElement>) => void; error: string | undefined; leftIcon: react.ForwardRefExoticComponent<...>; mask: "phone"; }' is not assignable to type 'InputProps' with 'exactOptionalPropertyTypes: true'. Consider adding 'undefined' to the types of the target's properties.
  Types of property 'error' are incompatible.
    Type 'string | undefined' is not assignable to type 'string'.
      Type 'undefined' is not assignable to type 'string'.
src/client/pages/FormShowcasePage.tsx(278,30): error TS2375: Type '{ children: Element; label: string; name: string; error: string | undefined; helpText: string; required: true; }' is not assignable to type 'FormFieldProps' with 'exactOptionalPropertyTypes: true'. Consider adding 'undefined' to the types of the target's properties.
  Types of property 'error' are incompatible.
    Type 'string | undefined' is not assignable to type 'string'.
      Type 'undefined' is not assignable to type 'string'.
src/client/pages/FormShowcasePage.tsx(285,34): error TS2375: Type '{ name: string; value: string; onChange: Dispatch<SetStateAction<string>>; groups: SelectGroup[]; placeholder: string; error: string | undefined; searchable: true; }' is not assignable to type 'SelectProps' with 'exactOptionalPropertyTypes: true'. Consider adding 'undefined' to the types of the target's properties.
  Types of property 'error' are incompatible.
    Type 'string | undefined' is not assignable to type 'string'.
      Type 'undefined' is not assignable to type 'string'.
src/client/pages/Home.tsx(1,1): error TS6133: 'React' is declared but its value is never read.
src/client/pages/QuizPage.tsx(1,8): error TS6133: 'React' is declared but its value is never read.
src/client/pages/QuizPage.tsx(48,35): error TS2532: Object is possibly 'undefined'.
src/client/pages/QuizPage.tsx(174,76): error TS2532: Object is possibly 'undefined'.
src/client/pages/QuizPage.tsx(177,26): error TS2532: Object is possibly 'undefined'.
src/client/pages/QuizPage.tsx(187,45): error TS2532: Object is possibly 'undefined'.
src/client/pages/QuizPage.tsx(194,46): error TS2532: Object is possibly 'undefined'.
src/client/pages/ServicesPage.tsx(1,8): error TS6133: 'React' is declared but its value is never read.
src/components/ui/DatePicker.tsx(1,8): error TS6133: 'React' is declared but its value is never read.
src/components/ui/TimePicker.tsx(1,8): error TS6133: 'React' is declared but its value is never read.
src/components/ui/TimePicker.tsx(69,16): error TS18048: 'currentHour' is possibly 'undefined'.
src/components/ui/TimePicker.tsx(69,30): error TS18048: 'endHour' is possibly 'undefined'.
src/components/ui/TimePicker.tsx(69,69): error TS18048: 'currentMinute' is possibly 'undefined'.
src/components/ui/TimePicker.tsx(69,86): error TS18048: 'endMinute' is possibly 'undefined'.
src/components/ui/TimePicker.tsx(70,34): error TS18048: 'currentHour' is possibly 'undefined'.
src/components/ui/TimePicker.tsx(70,77): error TS18048: 'currentMinute' is possibly 'undefined'.
src/components/ui/TimePicker.tsx(77,13): error TS18048: 'currentMinute' is possibly 'undefined'.
src/components/ui/TimePicker.tsx(78,17): error TS18048: 'currentMinute' is possibly 'undefined'.
src/components/ui/TimePicker.tsx(79,17): error TS18048: 'currentMinute' is possibly 'undefined'.
src/components/ui/TimePicker.tsx(80,17): error TS18048: 'currentHour' is possibly 'undefined'.
src/components/ui/Toggle.tsx(1,1): error TS6133: 'React' is declared but its value is never read.
src/store/mockDataStore.ts(384,13): error TS2322: Type '{ id?: number; name?: string; category?: string; description?: string; duration?: string; price?: number; image?: string; active?: boolean; }' is not assignable to type 'Service'.
  Property 'id' is optional in type '{ id?: number; name?: string; category?: string; description?: string; duration?: string; price?: number; image?: string; active?: boolean; }' but required in type 'Service'.
src/store/mockDataStore.ts(404,13): error TS2322: Type '{ id?: number; name?: string; address?: string; phone?: string; email?: string; hours?: string; image?: string; location?: { lat: number; lng: number; }; services?: string[]; }' is not assignable to type 'Branch'.
  Property 'id' is optional in type '{ id?: number; name?: string; address?: string; phone?: string; email?: string; hours?: string; image?: string; location?: { lat: number; lng: number; }; services?: string[]; }' but required in type 'Branch'.
src/store/mockDataStore.ts(424,13): error TS2322: Type '{ id?: number; name?: string; role?: string; email?: string; phone?: string; branch?: string; specialties?: string[]; image?: string; rating?: number; totalBookings?: number; active?: boolean; }' is not assignable to type 'Staff'.
  Property 'id' is optional in type '{ id?: number; name?: string; role?: string; email?: string; phone?: string; branch?: string; specialties?: string[]; image?: string; rating?: number; totalBookings?: number; active?: boolean; }' but required in type 'Staff'.
src/store/mockDataStore.ts(444,13): error TS2375: Type '{ id?: number; name?: string; email?: string; phone?: string; dateJoined?: string; totalVisits?: number; totalSpent?: number; lastVisit?: string; notes?: string; avatar?: string; }' is not assignable to type 'Customer' with 'exactOptionalPropertyTypes: true'. Consider adding 'undefined' to the types of the target's properties.
  Property 'id' is optional in type '{ id?: number; name?: string; email?: string; phone?: string; dateJoined?: string; totalVisits?: number; totalSpent?: number; lastVisit?: string; notes?: string; avatar?: string; }' but required in type 'Customer'.
src/store/mockDataStore.ts(464,13): error TS2375: Type '{ id?: number; customerName?: string; customerEmail?: string; customerPhone?: string; service?: string; therapist?: string; branch?: string; date?: string; time?: string; duration?: string; status?: "confirmed" | "pending" | "completed" | "cancelled"; paymentStatus?: "paid" | "unpaid" | "refunded"; price?: number; n...' is not assignable to type 'Appointment' with 'exactOptionalPropertyTypes: true'. Consider adding 'undefined' to the types of the target's properties.
  Property 'id' is optional in type '{ id?: number; customerName?: string; customerEmail?: string; customerPhone?: string; service?: string; therapist?: string; branch?: string; date?: string; time?: string; duration?: string; status?: "confirmed" | "pending" | "completed" | "cancelled"; paymentStatus?: "paid" | ... 1 more ... | "refunded"; price?: num...' but required in type 'Appointment'.
src/store/mockDataStore.ts(484,13): error TS2375: Type '{ id?: number; customerName?: string; customerAvatar?: string; service?: string; rating?: number; comment?: string; date?: string; branch?: string; reply?: string; replyDate?: string; }' is not assignable to type 'Review' with 'exactOptionalPropertyTypes: true'. Consider adding 'undefined' to the types of the target's properties.
  Property 'id' is optional in type '{ id?: number; customerName?: string; customerAvatar?: string; service?: string; rating?: number; comment?: string; date?: string; branch?: string; reply?: string; replyDate?: string; }' but required in type 'Review'.
src/store/mockDataStore.ts(504,13): error TS2375: Type '{ id?: number; title?: string; slug?: string; excerpt?: string; content?: string; category?: string; author?: string; authorAvatar?: string; image?: string; date?: string; readTime?: string; views?: number; published?: boolean; tags?: string[]; }' is not assignable to type 'BlogPost' with 'exactOptionalPropertyTypes: true'. Consider adding 'undefined' to the types of the target's properties.
  Property 'id' is optional in type '{ id?: number; title?: string; slug?: string; excerpt?: string; content?: string; category?: string; author?: string; authorAvatar?: string; image?: string; date?: string; readTime?: string; views?: number; published?: boolean; tags?: string[]; }' but required in type 'BlogPost'.
src/store/mockDataStore.ts(524,13): error TS2322: Type '{ id?: number; appointmentId?: number; customerName?: string; amount?: number; method?: string; status?: "completed" | "pending" | "refunded" | "failed"; date?: string; transactionId?: string; service?: string; }' is not assignable to type 'Payment'.
  Property 'id' is optional in type '{ id?: number; appointmentId?: number; customerName?: string; amount?: number; method?: string; status?: "pending" | "completed" | "refunded" | "failed"; date?: string; transactionId?: string; service?: string; }' but required in type 'Payment'.
npm error Lifecycle script `typecheck` failed with error:
npm error code 2
npm error path D:\THCode\AI\spa-hackathon\apps\frontend
npm error workspace @spa-hackathon/frontend@0.1.0
npm error location D:\THCode\AI\spa-hackathon\apps\frontend
npm error command failed
npm error command C:\WINDOWS\system32\cmd.exe /d /s /c tsc --noEmit
